2019-11-14 19:46:04.193985: I tensorflow/core/platform/cpu_feature_guard.cc:141] Your CPU supports instructions that this TensorFlow binary was not compiled to use: SSE4.1 SSE4.2 AVX AVX2 FMA
2019-11-14 19:46:04.436756: I tensorflow/core/common_runtime/gpu/gpu_device.cc:1432] Found device 0 with properties: 
name: Tesla P40 major: 6 minor: 1 memoryClockRate(GHz): 1.531
pciBusID: 0000:85:00.0
totalMemory: 22.38GiB freeMemory: 22.22GiB
2019-11-14 19:46:04.436819: I tensorflow/core/common_runtime/gpu/gpu_device.cc:1511] Adding visible gpu devices: 0
2019-11-14 19:46:04.826039: I tensorflow/core/common_runtime/gpu/gpu_device.cc:982] Device interconnect StreamExecutor with strength 1 edge matrix:
2019-11-14 19:46:04.826103: I tensorflow/core/common_runtime/gpu/gpu_device.cc:988]      0 
2019-11-14 19:46:04.826114: I tensorflow/core/common_runtime/gpu/gpu_device.cc:1001] 0:   N 
2019-11-14 19:46:04.826606: I tensorflow/core/common_runtime/gpu/gpu_device.cc:1115] Created TensorFlow device (/job:localhost/replica:0/task:0/device:GPU:0 with 21553 MB memory) -> physical GPU (device: 0, name: Tesla P40, pci bus id: 0000:85:00.0, compute capability: 6.1)
2019-11-14 19:56:31.499328: I tensorflow/core/platform/cpu_feature_guard.cc:141] Your CPU supports instructions that this TensorFlow binary was not compiled to use: SSE4.1 SSE4.2 AVX AVX2 FMA
2019-11-14 19:56:31.743957: I tensorflow/core/common_runtime/gpu/gpu_device.cc:1432] Found device 0 with properties: 
name: Tesla P40 major: 6 minor: 1 memoryClockRate(GHz): 1.531
pciBusID: 0000:85:00.0
totalMemory: 22.38GiB freeMemory: 22.22GiB
2019-11-14 19:56:31.744014: I tensorflow/core/common_runtime/gpu/gpu_device.cc:1511] Adding visible gpu devices: 0
2019-11-14 19:56:32.126639: I tensorflow/core/common_runtime/gpu/gpu_device.cc:982] Device interconnect StreamExecutor with strength 1 edge matrix:
2019-11-14 19:56:32.126704: I tensorflow/core/common_runtime/gpu/gpu_device.cc:988]      0 
2019-11-14 19:56:32.126715: I tensorflow/core/common_runtime/gpu/gpu_device.cc:1001] 0:   N 
2019-11-14 19:56:32.127233: I tensorflow/core/common_runtime/gpu/gpu_device.cc:1115] Created TensorFlow device (/job:localhost/replica:0/task:0/device:GPU:0 with 21553 MB memory) -> physical GPU (device: 0, name: Tesla P40, pci bus id: 0000:85:00.0, compute capability: 6.1)
Loading Training data...
Epoch: 1
step: 100 loss: 49.088818
step: 200 loss: 33.034702
step: 300 loss: 26.815805
step: 400 loss: 32.61333
step: 500 loss: 32.48132
step: 600 loss: 29.615488
step: 700 loss: 31.122206
step: 800 loss: 55.513935
step: 900 loss: 35.772568
step: 1000 loss: 32.199383
step: 1100 loss: 30.694778
step: 1200 loss: 30.286629
step: 1300 loss: 38.418564
step: 1400 loss: 38.16331
step: 1500 loss: 28.190252
step: 1600 loss: 28.694872
step: 1700 loss: 36.767902
step: 1800 loss: 33.835964
Epoch: 2
step: 1900 loss: 32.949055
step: 2000 loss: 25.35736
step: 2100 loss: 28.243418
step: 2200 loss: 33.816982
step: 2300 loss: 24.637291
step: 2400 loss: 22.890053
step: 2500 loss: 39.66627
step: 2600 loss: 31.533295
step: 2700 loss: 25.613073
step: 2800 loss: 38.717514
step: 2900 loss: 25.505722
step: 3000 loss: 35.093983
step: 3100 loss: 27.44665
step: 3200 loss: 36.395252
step: 3300 loss: 34.415558
step: 3400 loss: 20.462318
step: 3500 loss: 35.4883
step: 3600 loss: 28.616304
Epoch: 3
step: 3700 loss: 36.35672
step: 3800 loss: 26.143578
step: 3900 loss: 33.457836
step: 4000 loss: 29.595274
step: 4100 loss: 15.303647
step: 4200 loss: 29.364405
step: 4300 loss: 24.420868
step: 4400 loss: 27.015432
step: 4500 loss: 32.25584
step: 4600 loss: 28.240616
step: 4700 loss: 29.565657
step: 4800 loss: 25.944677
step: 4900 loss: 31.482428
step: 5000 loss: 29.278381
step: 5100 loss: 27.626266
step: 5200 loss: 34.606365
step: 5300 loss: 37.47427
step: 5400 loss: 22.392015
Epoch: 4
step: 5500 loss: 32.341206
step: 5600 loss: 22.439684
step: 5700 loss: 27.577011
step: 5800 loss: 16.419777
step: 5900 loss: 23.338007
step: 6000 loss: 25.035944
step: 6100 loss: 22.685211
step: 6200 loss: 28.332672
step: 6300 loss: 15.683499
step: 6400 loss: 24.282013
step: 6500 loss: 20.739088
step: 6600 loss: 21.778976
step: 6700 loss: 26.788618
step: 6800 loss: 23.801615
step: 6900 loss: 20.61659
step: 7000 loss: 19.584845
step: 7100 loss: 17.749191
step: 7200 loss: 13.820489
step: 7300 loss: 23.831146
Epoch: 5
step: 7400 loss: 15.904202
step: 7500 loss: 11.900105
step: 7600 loss: 14.985822
step: 7700 loss: 16.041645
step: 7800 loss: 12.303775
step: 7900 loss: 15.240346
step: 8000 loss: 17.256409
step: 8100 loss: 13.959397
step: 8200 loss: 14.490542
step: 8300 loss: 9.6205015
step: 8400 loss: 9.8756
step: 8500 loss: 12.737695
step: 8600 loss: 17.58711
step: 8700 loss: 16.384146
step: 8800 loss: 15.914577
step: 8900 loss: 18.669449
step: 9000 loss: 9.693237
step: 9100 loss: 16.639944
Saving model...
Epoch: 6
step: 9200 loss: 13.377735
step: 9300 loss: 17.440054
step: 9400 loss: 11.183418
step: 9500 loss: 18.36133
step: 9600 loss: 18.36784
step: 9700 loss: 22.55818
step: 9800 loss: 8.289981
step: 9900 loss: 13.148658
step: 10000 loss: 9.785774
step: 10100 loss: 10.805721
step: 10200 loss: 15.2126
step: 10300 loss: 10.910892
step: 10400 loss: 10.167693
step: 10500 loss: 12.780625
step: 10600 loss: 19.712982
step: 10700 loss: 11.73848
step: 10800 loss: 16.62271
step: 10900 loss: 10.454644
Epoch: 7
step: 11000 loss: 8.629147
step: 11100 loss: 11.965373
step: 11200 loss: 14.28468
step: 11300 loss: 9.729966
step: 11400 loss: 6.3264313
step: 11500 loss: 7.0716243
step: 11600 loss: 11.291084
step: 11700 loss: 9.218839
step: 11800 loss: 8.809013
step: 11900 loss: 9.856153
step: 12000 loss: 11.890149
step: 12100 loss: 7.253307
step: 12200 loss: 9.574198
step: 12300 loss: 7.1176934
step: 12400 loss: 8.521341
step: 12500 loss: 6.0750604
step: 12600 loss: 7.3289833
step: 12700 loss: 9.657744
step: 12800 loss: 10.616778
Epoch: 8
step: 12900 loss: 8.87301
step: 13000 loss: 5.2085123
step: 13100 loss: 8.6308155
step: 13200 loss: 12.488541
step: 13300 loss: 10.886154
step: 13400 loss: 12.213986
step: 13500 loss: 9.395977
step: 13600 loss: 9.521344
step: 13700 loss: 10.440648
step: 13800 loss: 9.404148
step: 13900 loss: 12.195855
step: 14000 loss: 8.661136
step: 14100 loss: 11.436473
step: 14200 loss: 10.303657
step: 14300 loss: 11.081932
step: 14400 loss: 4.8613753
step: 14500 loss: 6.466385
step: 14600 loss: 5.8082943
Epoch: 9
step: 14700 loss: 6.7630596
step: 14800 loss: 9.531581
step: 14900 loss: 6.5724835
step: 15000 loss: 6.390819
step: 15100 loss: 6.8848414
step: 15200 loss: 4.031139
step: 15300 loss: 7.6922116
step: 15400 loss: 5.9833674
step: 15500 loss: 5.2645864
step: 15600 loss: 4.766291
step: 15700 loss: 4.479725
step: 15800 loss: 9.445606
step: 15900 loss: 10.801979
step: 16000 loss: 6.6853333
step: 16100 loss: 5.8617396
step: 16200 loss: 6.743164
step: 16300 loss: 4.274991
step: 16400 loss: 9.955344
Epoch: 10
step: 16500 loss: 6.251947
step: 16600 loss: 4.812515
step: 16700 loss: 3.7649574
step: 16800 loss: 2.810067
step: 16900 loss: 4.313478
step: 17000 loss: 5.70108
step: 17100 loss: 6.942011
step: 17200 loss: 4.678147
step: 17300 loss: 4.7036653
step: 17400 loss: 7.24363
step: 17500 loss: 6.5950356
step: 17600 loss: 6.602469
step: 17700 loss: 5.5197372
step: 17800 loss: 5.9011827
step: 17900 loss: 5.7422833
step: 18000 loss: 5.927447
step: 18100 loss: 5.2704353
step: 18200 loss: 6.2735257
Saving model...
Epoch: 11
step: 18300 loss: 4.195511
step: 18400 loss: 3.5343945
step: 18500 loss: 6.177763
step: 18600 loss: 3.663515
step: 18700 loss: 5.95589
step: 18800 loss: 4.511133
step: 18900 loss: 5.176718
step: 19000 loss: 4.1481643
step: 19100 loss: 4.9180393
step: 19200 loss: 4.260559
step: 19300 loss: 4.0428004
step: 19400 loss: 6.673574
step: 19500 loss: 3.6234977
step: 19600 loss: 3.7726593
step: 19700 loss: 5.0732346
step: 19800 loss: 5.7971764
step: 19900 loss: 3.1602497
step: 20000 loss: 3.7349288
step: 20100 loss: 4.3066106
Epoch: 12
step: 20200 loss: 4.2474856
step: 20300 loss: 3.5675328
step: 20400 loss: 1.4632307
step: 20500 loss: 6.611921
step: 20600 loss: 5.982065
step: 20700 loss: 3.7421455
step: 20800 loss: 2.8963833
step: 20900 loss: 5.8961143
step: 21000 loss: 2.720689
step: 21100 loss: 4.9027767
step: 21200 loss: 2.080001
step: 21300 loss: 5.0503807
step: 21400 loss: 4.980245
step: 21500 loss: 7.1727433
step: 21600 loss: 6.078401
step: 21700 loss: 3.2428558
step: 21800 loss: 3.6414204
step: 21900 loss: 2.9658947
Epoch: 13
step: 22000 loss: 2.0114467
step: 22100 loss: 4.100197
step: 22200 loss: 3.1736767
step: 22300 loss: 2.5767174
step: 22400 loss: 1.4351387
step: 22500 loss: 2.1257794
step: 22600 loss: 1.4334335
step: 22700 loss: 1.6221714
step: 22800 loss: 3.0005062
step: 22900 loss: 5.0901
step: 23000 loss: 1.6358923
step: 23100 loss: 1.2223511
step: 23200 loss: 2.8124263
step: 23300 loss: 2.1469676
step: 23400 loss: 3.3107579
step: 23500 loss: 2.2173615
step: 23600 loss: 5.220127
step: 23700 loss: 3.5955372
Epoch: 14
step: 23800 loss: 1.0651894
step: 23900 loss: 2.2124321
step: 24000 loss: 1.6616598
step: 24100 loss: 2.8316357
step: 24200 loss: 2.8044999
step: 24300 loss: 1.7709166
step: 24400 loss: 2.5257702
step: 24500 loss: 2.131876
step: 24600 loss: 2.112992
step: 24700 loss: 3.0275116
step: 24800 loss: 0.91966885
step: 24900 loss: 2.1795132
step: 25000 loss: 2.8033345
step: 25100 loss: 2.1094291
step: 25200 loss: 1.1914755
step: 25300 loss: 2.7031314
step: 25400 loss: 1.7467715
step: 25500 loss: 1.9064649
step: 25600 loss: 1.9213225
Epoch: 15
step: 25700 loss: 1.1497778
step: 25800 loss: 3.7112415
step: 25900 loss: 0.5976391
step: 26000 loss: 1.8312836
step: 26100 loss: 1.6442465
step: 26200 loss: 0.8378563
step: 26300 loss: 2.8185222
step: 26400 loss: 1.8252703
step: 26500 loss: 2.020507
step: 26600 loss: 1.503891
step: 26700 loss: 4.475764
step: 26800 loss: 1.9051838
step: 26900 loss: 4.9581833
step: 27000 loss: 1.9155731
step: 27100 loss: 2.1392498
step: 27200 loss: 1.3406792
step: 27300 loss: 1.3974081
step: 27400 loss: 1.6489805
Saving model...
Epoch: 16
step: 27500 loss: 0.870547
step: 27600 loss: 0.50202245
step: 27700 loss: 2.305352
step: 27800 loss: 1.0086015
step: 27900 loss: 3.5908706
step: 28000 loss: 1.9421068
step: 28100 loss: 2.1037533
step: 28200 loss: 1.4030508
step: 28300 loss: 1.66163
step: 28400 loss: 2.7172196
step: 28500 loss: 0.6748104
step: 28600 loss: 3.1960423
step: 28700 loss: 2.0756989
step: 28800 loss: 2.4475315
step: 28900 loss: 2.2500114
step: 29000 loss: 2.2535813
step: 29100 loss: 0.9000842
step: 29200 loss: 1.2794285
Epoch: 17
step: 29300 loss: 2.0223873
step: 29400 loss: 1.8142115
step: 29500 loss: 1.0212339
step: 29600 loss: 0.6213595
step: 29700 loss: 1.7350985
step: 29800 loss: 1.7765923
step: 29900 loss: 1.699131
step: 30000 loss: 2.6163158
step: 30100 loss: 1.2890218
step: 30200 loss: 1.6714764
step: 30300 loss: 1.0569903
step: 30400 loss: 2.0797741
step: 30500 loss: 0.9878979
step: 30600 loss: 1.2340387
step: 30700 loss: 1.8196398
step: 30800 loss: 2.3444164
step: 30900 loss: 2.9925442
step: 31000 loss: 0.63761204
Epoch: 18
step: 31100 loss: 2.3719482
step: 31200 loss: 1.1472778
step: 31300 loss: 0.63052434
step: 31400 loss: 0.3680973
step: 31500 loss: 0.80640537
step: 31600 loss: 0.5238425
step: 31700 loss: 0.5083885
step: 31800 loss: 0.67715454
step: 31900 loss: 1.7101198
step: 32000 loss: 0.5107498
step: 32100 loss: 1.5466436
step: 32200 loss: 0.9062907
step: 32300 loss: 1.2791392
step: 32400 loss: 1.1718063
step: 32500 loss: 0.2682228
step: 32600 loss: 0.7459488
step: 32700 loss: 0.73562115
step: 32800 loss: 2.11646
step: 32900 loss: 0.7439416
Epoch: 19
step: 33000 loss: 1.9120535
step: 33100 loss: 1.4653612
step: 33200 loss: 0.7882888
step: 33300 loss: 0.6788991
step: 33400 loss: 3.8058612
step: 33500 loss: 1.5235647
step: 33600 loss: 0.8058408
step: 33700 loss: 1.0237554
step: 33800 loss: 0.95646286
step: 33900 loss: 1.192681
step: 34000 loss: 0.6512928
step: 34100 loss: 0.64376324
step: 34200 loss: 0.86275226
step: 34300 loss: 0.93392307
step: 34400 loss: 2.3264859
step: 34500 loss: 0.9539096
step: 34600 loss: 1.0036265
step: 34700 loss: 0.43248048
Epoch: 20
step: 34800 loss: 0.4539865
step: 34900 loss: 0.929465
step: 35000 loss: 1.5324816
step: 35100 loss: 0.9833781
step: 35200 loss: 0.9918073
step: 35300 loss: 1.2781258
step: 35400 loss: 0.58069354
step: 35500 loss: 1.0033035
step: 35600 loss: 1.3747991
step: 35700 loss: 2.2640457
step: 35800 loss: 0.31337547
step: 35900 loss: 0.34295526
step: 36000 loss: 1.1072598
step: 36100 loss: 1.3989372
step: 36200 loss: 0.8052419
step: 36300 loss: 2.33469
step: 36400 loss: 0.50484085
step: 36500 loss: 1.4362627
Saving model...
Epoch: 21
step: 36600 loss: 1.386439
step: 36700 loss: 1.1743685
step: 36800 loss: 0.5515766
step: 36900 loss: 1.5186399
step: 37000 loss: 1.0597242
step: 37100 loss: 0.8019435
step: 37200 loss: 0.8477974
step: 37300 loss: 0.43200937
step: 37400 loss: 0.7822425
step: 37500 loss: 0.75010043
step: 37600 loss: 0.47348022
step: 37700 loss: 1.3069261
step: 37800 loss: 0.4883995
step: 37900 loss: 1.0779266
step: 38000 loss: 0.57186
step: 38100 loss: 0.4644661
step: 38200 loss: 2.4838676
step: 38300 loss: 1.542497
step: 38400 loss: 0.95226794
Epoch: 22
step: 38500 loss: 0.26924005
step: 38600 loss: 1.0414556
step: 38700 loss: 1.356369
step: 38800 loss: 0.106713615
step: 38900 loss: 1.1198387
step: 39000 loss: 0.66953915
step: 39100 loss: 2.9237087
step: 39200 loss: 1.4264044
step: 39300 loss: 0.7414258
step: 39400 loss: 1.3908945
step: 39500 loss: 0.84429044
step: 39600 loss: 1.8853416
step: 39700 loss: 1.0728989
step: 39800 loss: 0.55643463
step: 39900 loss: 1.4476179
step: 40000 loss: 1.1127421
step: 40100 loss: 0.79445076
step: 40200 loss: 0.47674307
Epoch: 23
step: 40300 loss: 0.80532455
step: 40400 loss: 0.35778555
step: 40500 loss: 1.2064095
step: 40600 loss: 0.40601477
step: 40700 loss: 0.92009354
step: 40800 loss: 1.0011711
step: 40900 loss: 1.6516647
step: 41000 loss: 0.32856622
step: 41100 loss: 0.18391164
step: 41200 loss: 0.61030835
step: 41300 loss: 1.4796454
step: 41400 loss: 0.18409474
step: 41500 loss: 0.72149783
step: 41600 loss: 1.4372813
step: 41700 loss: 0.36935553
step: 41800 loss: 0.118499756
step: 41900 loss: 1.3282343
step: 42000 loss: 0.6347669
Epoch: 24
step: 42100 loss: 0.34496307
step: 42200 loss: 0.9749896
step: 42300 loss: 0.43016306
step: 42400 loss: 0.66590244
step: 42500 loss: 0.15661621
step: 42600 loss: 3.0679214
step: 42700 loss: 0.79749554
step: 42800 loss: 0.59819156
step: 42900 loss: 0.24473064
step: 43000 loss: 0.17623393
step: 43100 loss: 0.16057968
step: 43200 loss: 0.3182443
step: 43300 loss: 0.15765636
step: 43400 loss: 0.30680594
step: 43500 loss: 0.35888672
step: 43600 loss: 0.6231435
step: 43700 loss: 0.89024734
step: 43800 loss: 0.14625232
Epoch: 25
step: 43900 loss: 0.49054208
step: 44000 loss: 0.3781433
step: 44100 loss: 1.006925
step: 44200 loss: 0.9686127
step: 44300 loss: 0.4297358
step: 44400 loss: 1.1044985
step: 44500 loss: 2.3660736
step: 44600 loss: 0.4388593
step: 44700 loss: 1.0800909
step: 44800 loss: 1.433258
step: 44900 loss: 0.23321152
step: 45000 loss: 0.17979176
step: 45100 loss: 0.175258
step: 45200 loss: 0.51393765
step: 45300 loss: 0.31684622
step: 45400 loss: 0.2071724
step: 45500 loss: 1.9218775
step: 45600 loss: 0.40234503
step: 45700 loss: 1.0702871
Saving model...
Epoch: 26
step: 45800 loss: 0.36444092
step: 45900 loss: 1.075831
step: 46000 loss: 2.2325122
step: 46100 loss: 0.19019699
step: 46200 loss: 0.24222057
step: 46300 loss: 0.9770711
step: 46400 loss: 0.73827106
step: 46500 loss: 1.6588949
step: 46600 loss: 1.5814857
step: 46700 loss: 0.8109601
step: 46800 loss: 0.32019424
step: 46900 loss: 0.27127585
step: 47000 loss: 1.5579573
step: 47100 loss: 2.6243324
step: 47200 loss: 0.32541275
step: 47300 loss: 0.66041565
step: 47400 loss: 0.48364767
step: 47500 loss: 0.6362737
Epoch: 27
step: 47600 loss: 0.5497424
step: 47700 loss: 1.4578247
step: 47800 loss: 0.19185765
step: 47900 loss: 0.26068497
step: 48000 loss: 0.23179118
step: 48100 loss: 1.094153
step: 48200 loss: 1.3964907
step: 48300 loss: 0.7650077
step: 48400 loss: 0.18705368
step: 48500 loss: 2.946556
step: 48600 loss: 0.6639684
step: 48700 loss: 1.8929495
step: 48800 loss: 0.47163773
step: 48900 loss: 0.5823987
step: 49000 loss: 0.3575821
step: 49100 loss: 0.3056971
step: 49200 loss: 0.24342728
step: 49300 loss: 0.4193662
Epoch: 28
step: 49400 loss: 2.6314876
step: 49500 loss: 0.16489983
step: 49600 loss: 2.7761166
step: 49700 loss: 0.24539948
step: 49800 loss: 0.19154103
step: 49900 loss: 0.4877192
step: 50000 loss: 0.3154017
step: 50100 loss: 6.691385
step: 50200 loss: 0.19313557
step: 50300 loss: 3.0519955
step: 50400 loss: 0.23619588
step: 50500 loss: 0.6764374
step: 50600 loss: 0.4570211
step: 50700 loss: 0.1626498
step: 50800 loss: 0.16391182
step: 50900 loss: 0.119703926
step: 51000 loss: 0.26292673
step: 51100 loss: 0.6889369
step: 51200 loss: 0.6043027
Epoch: 29
step: 51300 loss: 0.39559045
step: 51400 loss: 1.0103391
step: 51500 loss: 0.067406975
step: 51600 loss: 1.5755501
step: 51700 loss: 0.51655835
step: 51800 loss: 1.0456619
step: 51900 loss: 0.5848567
step: 52000 loss: 1.1535301
step: 52100 loss: 0.39415994
step: 52200 loss: 0.4850464
step: 52300 loss: 1.0920906
step: 52400 loss: 0.21498871
step: 52500 loss: 0.42413583
step: 52600 loss: 1.1580976
step: 52700 loss: 2.0335171
step: 52800 loss: 1.1439902
step: 52900 loss: 0.076197304
step: 53000 loss: 1.4956945
Epoch: 30
step: 53100 loss: 1.6408476
step: 53200 loss: 1.047732
step: 53300 loss: 0.28913498
step: 53400 loss: 0.25807062
step: 53500 loss: 0.16294606
step: 53600 loss: 0.21353023
step: 53700 loss: 0.6757342
step: 53800 loss: 0.15240605
step: 53900 loss: 0.45619774
step: 54000 loss: 0.6280899
step: 54100 loss: 0.23651886
step: 54200 loss: 0.30463028
step: 54300 loss: 0.33166122
step: 54400 loss: 0.4947815
step: 54500 loss: 0.9941635
step: 54600 loss: 0.26364264
step: 54700 loss: 0.25497565
step: 54800 loss: 0.7836736
Saving model...
Epoch: 31
step: 54900 loss: 0.28399786
step: 55000 loss: 0.18326442
step: 55100 loss: 0.089318596
step: 55200 loss: 0.5422058
step: 55300 loss: 1.226738
step: 55400 loss: 1.2830595
step: 55500 loss: 0.47737375
step: 55600 loss: 0.28548685
step: 55700 loss: 0.41702652
step: 55800 loss: 0.833992
step: 55900 loss: 0.21132278
step: 56000 loss: 0.18292873
step: 56100 loss: 0.27107367
step: 56200 loss: 0.47548422
step: 56300 loss: 0.17582066
step: 56400 loss: 0.5100765
step: 56500 loss: 0.14101283
step: 56600 loss: 0.12120565
Epoch: 32
step: 56700 loss: 0.15191905
step: 56800 loss: 0.20285161
step: 56900 loss: 1.5057678
step: 57000 loss: 2.6451275
step: 57100 loss: 0.29604593
step: 57200 loss: 0.3087565
step: 57300 loss: 1.5980276
step: 57400 loss: 2.6976063
step: 57500 loss: 0.4431661
step: 57600 loss: 0.09855779
step: 57700 loss: 0.16236115
step: 57800 loss: 0.159537
step: 57900 loss: 0.12362099
step: 58000 loss: 0.6638667
step: 58100 loss: 1.2710215
step: 58200 loss: 1.0626131
step: 58300 loss: 0.22360866
step: 58400 loss: 0.23029391
step: 58500 loss: 0.9759407
Epoch: 33
step: 58600 loss: 0.50607806
step: 58700 loss: 0.119963326
step: 58800 loss: 0.08089447
step: 58900 loss: 0.34750113
step: 59000 loss: 1.7519569
step: 59100 loss: 0.2145551
step: 59200 loss: 0.9437103
step: 59300 loss: 1.0612932
step: 59400 loss: 0.12467321
step: 59500 loss: 0.4727389
step: 59600 loss: 0.08857473
step: 59700 loss: 0.06696574
step: 59800 loss: 0.2549553
step: 59900 loss: 0.12813568
step: 60000 loss: 0.30382156
step: 60100 loss: 0.07991409
step: 60200 loss: 3.2536812
step: 60300 loss: 1.043794
Epoch: 34
step: 60400 loss: 0.3907318
step: 60500 loss: 0.3983828
step: 60600 loss: 4.662703
step: 60700 loss: 0.19507726
step: 60800 loss: 0.26861063
step: 60900 loss: 0.2907003
step: 61000 loss: 0.88260907
step: 61100 loss: 0.11484782
step: 61200 loss: 0.08221308
step: 61300 loss: 0.08092753
step: 61400 loss: 0.12754314
step: 61500 loss: 0.0899531
step: 61600 loss: 0.09803518
step: 61700 loss: 2.059789
step: 61800 loss: 0.31570944
step: 61900 loss: 0.30575052
step: 62000 loss: 0.9052251
step: 62100 loss: 0.20399475
Epoch: 35
step: 62200 loss: 0.09860865
step: 62300 loss: 0.43843713
step: 62400 loss: 0.28678513
step: 62500 loss: 0.44973245
step: 62600 loss: 0.2164154
step: 62700 loss: 0.99698
step: 62800 loss: 2.096639
step: 62900 loss: 0.12976201
step: 63000 loss: 0.05961482
step: 63100 loss: 0.29177856
step: 63200 loss: 0.13856633
step: 63300 loss: 0.19383876
step: 63400 loss: 0.25666556
step: 63500 loss: 0.79518384
step: 63600 loss: 1.2057253
step: 63700 loss: 3.206913
step: 63800 loss: 0.13259251
step: 63900 loss: 1.0041885
step: 64000 loss: 0.091682434
Saving model...
Epoch: 36
step: 64100 loss: 0.12254969
step: 64200 loss: 0.34794235
step: 64300 loss: 0.07169342
step: 64400 loss: 0.064458214
step: 64500 loss: 0.29340616
step: 64600 loss: 0.23718517
step: 64700 loss: 0.17083485
step: 64800 loss: 0.28834152
step: 64900 loss: 0.7629331
step: 65000 loss: 0.7185033
step: 65100 loss: 0.5613162
step: 65200 loss: 0.06762823
step: 65300 loss: 0.14449818
step: 65400 loss: 0.22496541
step: 65500 loss: 0.06197357
step: 65600 loss: 0.12975566
step: 65700 loss: 0.1617419
step: 65800 loss: 0.30972037
Epoch: 37
step: 65900 loss: 0.2508596
step: 66000 loss: 0.2699852
step: 66100 loss: 0.8390236
step: 66200 loss: 0.34274545
step: 66300 loss: 0.12961324
step: 66400 loss: 0.24530537
step: 66500 loss: 0.058808643
step: 66600 loss: 1.076037
step: 66700 loss: 0.12951405
step: 66800 loss: 0.44654593
step: 66900 loss: 0.14105733
step: 67000 loss: 0.5829277
step: 67100 loss: 0.079307556
step: 67200 loss: 1.0246696
step: 67300 loss: 0.07174301
step: 67400 loss: 0.54716617
step: 67500 loss: 0.5307681
step: 67600 loss: 0.11063639
Epoch: 38
step: 67700 loss: 0.05660375
step: 67800 loss: 3.1935856
step: 67900 loss: 0.3943151
step: 68000 loss: 0.8793297
step: 68100 loss: 0.7762324
step: 68200 loss: 0.11146927
step: 68300 loss: 0.068987526
step: 68400 loss: 0.0883255
step: 68500 loss: 0.14458084
step: 68600 loss: 3.3583603
step: 68700 loss: 0.24210994
step: 68800 loss: 0.098472595
step: 68900 loss: 0.13480504
step: 69000 loss: 0.6063957
step: 69100 loss: 0.08443197
step: 69200 loss: 0.16097514
step: 69300 loss: 0.14071019
step: 69400 loss: 0.08905411
step: 69500 loss: 0.15479915
Epoch: 39
step: 69600 loss: 2.8461597
step: 69700 loss: 0.2502397
step: 69800 loss: 0.21643321
step: 69900 loss: 0.093312584
step: 70000 loss: 0.627093
step: 70100 loss: 0.100217186
step: 70200 loss: 0.36651483
step: 70300 loss: 0.3867658
step: 70400 loss: 0.21348572
step: 70500 loss: 0.33080292
step: 70600 loss: 0.07160187
step: 70700 loss: 0.2495079
step: 70800 loss: 0.11520386
step: 70900 loss: 0.6197853
step: 71000 loss: 0.04527664
step: 71100 loss: 0.16792043
step: 71200 loss: 0.10605494
step: 71300 loss: 0.035250347
Epoch: 40
step: 71400 loss: 0.11872355
step: 71500 loss: 0.07431666
step: 71600 loss: 0.08704376
step: 71700 loss: 0.11207072
step: 71800 loss: 0.18366496
step: 71900 loss: 0.099648796
step: 72000 loss: 0.1181666
step: 72100 loss: 1.4235687
step: 72200 loss: 0.26000467
step: 72300 loss: 0.19576263
step: 72400 loss: 0.07205836
step: 72500 loss: 0.39156088
step: 72600 loss: 0.33917746
step: 72700 loss: 0.10235596
step: 72800 loss: 0.32894644
step: 72900 loss: 0.62113696
step: 73000 loss: 0.85809964
step: 73100 loss: 0.18864314
Saving model...
Epoch: 41
step: 73200 loss: 0.118200935
step: 73300 loss: 0.21095403
step: 73400 loss: 0.15949376
step: 73500 loss: 1.8139496
step: 73600 loss: 0.0791804
step: 73700 loss: 0.4933052
step: 73800 loss: 0.78102875
step: 73900 loss: 0.061547596
step: 74000 loss: 1.3524691
step: 74100 loss: 0.10898081
step: 74200 loss: 0.12220255
step: 74300 loss: 1.7357559
step: 74400 loss: 0.21824773
step: 74500 loss: 0.2782415
step: 74600 loss: 0.1165568
step: 74700 loss: 0.5630684
step: 74800 loss: 0.98561096
step: 74900 loss: 0.24800873
Epoch: 42
step: 75000 loss: 0.4725418
step: 75100 loss: 0.2621778
step: 75200 loss: 0.042291004
step: 75300 loss: 0.14530945
step: 75400 loss: 2.3839417
step: 75500 loss: 0.15246327
step: 75600 loss: 1.373628
step: 75700 loss: 1.7191023
step: 75800 loss: 0.11645762
step: 75900 loss: 0.048552196
step: 76000 loss: 0.08986282
step: 76100 loss: 0.12135442
step: 76200 loss: 0.06323242
step: 76300 loss: 0.06662496
step: 76400 loss: 0.23017628
step: 76500 loss: 0.11601766
step: 76600 loss: 0.7906151
step: 76700 loss: 0.23109818
step: 76800 loss: 0.06258011
Epoch: 43
step: 76900 loss: 0.36747995
step: 77000 loss: 0.16404216
step: 77100 loss: 0.23003642
step: 77200 loss: 0.7090365
step: 77300 loss: 0.750927
step: 77400 loss: 0.071722664
step: 77500 loss: 0.4911461
step: 77600 loss: 0.07044474
step: 77700 loss: 0.07029343
step: 77800 loss: 1.13517
step: 77900 loss: 0.37368903
step: 78000 loss: 0.25092062
step: 78100 loss: 0.17108409
step: 78200 loss: 0.5629654
step: 78300 loss: 1.525889
step: 78400 loss: 0.71716565
step: 78500 loss: 0.24565887
step: 78600 loss: 0.96807986
Epoch: 44
step: 78700 loss: 0.9928424
step: 78800 loss: 0.07806015
step: 78900 loss: 0.090281166
step: 79000 loss: 0.12690227
step: 79100 loss: 0.15021642
step: 79200 loss: 0.258536
step: 79300 loss: 0.13631439
step: 79400 loss: 0.21582603
step: 79500 loss: 0.061903637
step: 79600 loss: 0.04680379
step: 79700 loss: 0.05318324
step: 79800 loss: 0.19587581
step: 79900 loss: 0.1171697
step: 80000 loss: 0.2739919
step: 80100 loss: 0.110383354
step: 80200 loss: 0.07331594
step: 80300 loss: 1.1477941
step: 80400 loss: 0.091674805
Epoch: 45
step: 80500 loss: 0.6848717
step: 80600 loss: 2.4902012
step: 80700 loss: 0.14379883
step: 80800 loss: 0.087192535
step: 80900 loss: 0.09674708
step: 81000 loss: 0.08679708
step: 81100 loss: 0.21514766
step: 81200 loss: 0.22014363
step: 81300 loss: 2.1680145
step: 81400 loss: 0.073210396
step: 81500 loss: 0.15848286
step: 81600 loss: 0.14091365
step: 81700 loss: 2.8753319
step: 81800 loss: 0.07065455
step: 81900 loss: 0.14355087
step: 82000 loss: 1.6917686
step: 82100 loss: 0.13321812
step: 82200 loss: 0.16171901
step: 82300 loss: 0.37338766
Saving model...
Epoch: 46
step: 82400 loss: 1.0759989
step: 82500 loss: 0.17855327
step: 82600 loss: 3.1455548
step: 82700 loss: 0.05973943
step: 82800 loss: 1.1434797
step: 82900 loss: 0.16782634
step: 83000 loss: 0.5773697
step: 83100 loss: 0.1680743
step: 83200 loss: 0.034188587
step: 83300 loss: 0.03617859
step: 83400 loss: 2.2594807
step: 83500 loss: 0.2191925
step: 83600 loss: 0.038644154
step: 83700 loss: 2.2101898
step: 83800 loss: 0.073265076
step: 83900 loss: 0.3407936
step: 84000 loss: 0.30480447
step: 84100 loss: 0.9911868
Epoch: 47
step: 84200 loss: 0.2614759
step: 84300 loss: 0.1302948
step: 84400 loss: 0.087013245
step: 84500 loss: 1.2468529
step: 84600 loss: 0.041570026
step: 84700 loss: 0.51257324
step: 84800 loss: 0.021914164
step: 84900 loss: 0.099562325
step: 85000 loss: 0.86187106
step: 85100 loss: 0.3112793
step: 85200 loss: 2.4672458
step: 85300 loss: 0.13802211
step: 85400 loss: 0.109547935
step: 85500 loss: 0.95390064
step: 85600 loss: 0.14178593
step: 85700 loss: 0.07311884
step: 85800 loss: 0.17976125
step: 85900 loss: 1.047938
Epoch: 48
step: 86000 loss: 0.12285614
step: 86100 loss: 0.8340772
step: 86200 loss: 0.15458553
step: 86300 loss: 0.17231496
step: 86400 loss: 0.09607188
step: 86500 loss: 0.65474063
step: 86600 loss: 0.1955897
step: 86700 loss: 2.0016747
step: 86800 loss: 0.20099767
step: 86900 loss: 0.2124316
step: 87000 loss: 0.025853476
step: 87100 loss: 0.057324726
step: 87200 loss: 0.03609212
step: 87300 loss: 0.11874008
step: 87400 loss: 0.076602936
step: 87500 loss: 0.07590612
step: 87600 loss: 0.043785095
step: 87700 loss: 0.06357447
Epoch: 49
step: 87800 loss: 0.9146118
step: 87900 loss: 0.030012766
step: 88000 loss: 1.0836881
step: 88100 loss: 0.040852863
step: 88200 loss: 0.046872456
step: 88300 loss: 0.89619064
step: 88400 loss: 0.052411396
step: 88500 loss: 0.24966049
step: 88600 loss: 0.35660425
step: 88700 loss: 0.046548206
step: 88800 loss: 1.3703982
step: 88900 loss: 0.22835922
step: 89000 loss: 0.9563802
step: 89100 loss: 0.07146963
step: 89200 loss: 0.10860443
step: 89300 loss: 0.14559428
step: 89400 loss: 0.047856648
step: 89500 loss: 1.189607
step: 89600 loss: 0.00875473
Epoch: 50
step: 89700 loss: 0.19370143
step: 89800 loss: 0.12949626
step: 89900 loss: 0.030049643
step: 90000 loss: 0.1667633
step: 90100 loss: 0.052122753
step: 90200 loss: 0.21746063
step: 90300 loss: 0.040416718
step: 90400 loss: 0.18838501
step: 90500 loss: 0.13098653
step: 90600 loss: 0.50037
step: 90700 loss: 0.015945435
step: 90800 loss: 1.1725019
step: 90900 loss: 0.2264862
step: 91000 loss: 0.9983991
step: 91100 loss: 0.05659612
step: 91200 loss: 0.20671971
step: 91300 loss: 0.030370077
step: 91400 loss: 0.25516
Saving model...
Epoch: 51
step: 91500 loss: 0.12606938
step: 91600 loss: 0.17593765
step: 91700 loss: 0.20073445
step: 91800 loss: 0.09312948
step: 91900 loss: 0.184124
step: 92000 loss: 0.26441064
step: 92100 loss: 0.07314428
step: 92200 loss: 0.46308517
step: 92300 loss: 0.48758188
step: 92400 loss: 0.17173894
step: 92500 loss: 0.076491036
step: 92600 loss: 0.039491016
step: 92700 loss: 0.057604473
step: 92800 loss: 0.03371175
step: 92900 loss: 0.1687851
step: 93000 loss: 0.13125356
step: 93100 loss: 0.07203674
step: 93200 loss: 0.081635796
Epoch: 52
step: 93300 loss: 0.26751962
step: 93400 loss: 0.11727015
step: 93500 loss: 0.19174957
step: 93600 loss: 0.07683691
step: 93700 loss: 0.07564036
step: 93800 loss: 0.26080704
step: 93900 loss: 0.10249583
step: 94000 loss: 0.21954982
step: 94100 loss: 0.09061686
step: 94200 loss: 0.12169012
step: 94300 loss: 0.04862976
step: 94400 loss: 0.047261555
step: 94500 loss: 0.8893191
step: 94600 loss: 0.15650432
step: 94700 loss: 0.052979786
step: 94800 loss: 0.0333875
step: 94900 loss: 0.10782496
step: 95000 loss: 0.051589966
step: 95100 loss: 0.8257141
Epoch: 53
step: 95200 loss: 0.0640564
step: 95300 loss: 0.37353262
step: 95400 loss: 0.5099602
step: 95500 loss: 0.10003662
step: 95600 loss: 0.041151684
step: 95700 loss: 0.06836319
step: 95800 loss: 0.06716156
step: 95900 loss: 0.13060634
step: 96000 loss: 0.05973053
step: 96100 loss: 0.047219593
step: 96200 loss: 0.07173538
step: 96300 loss: 1.0391235
step: 96400 loss: 0.2076912
step: 96500 loss: 0.15627415
step: 96600 loss: 0.052969616
step: 96700 loss: 0.07735062
step: 96800 loss: 0.053849537
step: 96900 loss: 0.13745753
Epoch: 54
step: 97000 loss: 0.05934016
step: 97100 loss: 0.21309026
step: 97200 loss: 0.1604271
step: 97300 loss: 1.2705078
step: 97400 loss: 0.68297195
step: 97500 loss: 0.215566
step: 97600 loss: 0.07420095
step: 97700 loss: 1.0079397
step: 97800 loss: 1.1819147
step: 97900 loss: 0.042015076
step: 98000 loss: 0.045093536
step: 98100 loss: 0.12126414
step: 98200 loss: 0.067108154
step: 98300 loss: 0.048098247
step: 98400 loss: 0.023867289
step: 98500 loss: 0.03671519
step: 98600 loss: 0.14361191
step: 98700 loss: 0.090203606
Epoch: 55
step: 98800 loss: 0.048039753
step: 98900 loss: 0.17279561
step: 99000 loss: 0.03219986
step: 99100 loss: 0.05265045
step: 99200 loss: 2.1138916
step: 99300 loss: 0.06710561
step: 99400 loss: 0.040796917
step: 99500 loss: 0.04856618
step: 99600 loss: 0.045392353
step: 99700 loss: 0.16181056
step: 99800 loss: 0.026584625
step: 99900 loss: 0.030227661
step: 100000 loss: 0.036402386
step: 100100 loss: 0.07291158
step: 100200 loss: 0.024832407
step: 100300 loss: 0.04728953
step: 100400 loss: 0.031791687
step: 100500 loss: 0.14226913
Saving model...
Epoch: 56
step: 100600 loss: 0.16599274
step: 100700 loss: 0.9891866
step: 100800 loss: 4.0473976
step: 100900 loss: 3.9699593
step: 101000 loss: 0.33815894
step: 101100 loss: 0.13442485
step: 101200 loss: 0.12712733
step: 101300 loss: 0.025128683
step: 101400 loss: 0.03217697
step: 101500 loss: 1.8983206
step: 101600 loss: 0.16422017
step: 101700 loss: 1.216165
step: 101800 loss: 0.05621211
step: 101900 loss: 0.034240723
step: 102000 loss: 0.09340795
step: 102100 loss: 0.04812495
step: 102200 loss: 1.8396696
step: 102300 loss: 1.2469813
step: 102400 loss: 0.021542868
Epoch: 57
step: 102500 loss: 0.04374822
step: 102600 loss: 0.12144343
step: 102700 loss: 0.043459576
step: 102800 loss: 0.32758966
step: 102900 loss: 0.06938299
step: 103000 loss: 0.1582082
step: 103100 loss: 0.08585485
step: 103200 loss: 0.028479258
step: 103300 loss: 0.023237864
step: 103400 loss: 0.2241745
step: 103500 loss: 0.16180801
step: 103600 loss: 0.041908264
step: 103700 loss: 0.0676651
step: 103800 loss: 0.038219452
step: 103900 loss: 0.15944035
step: 104000 loss: 0.044255573
step: 104100 loss: 0.5937462
step: 104200 loss: 0.16004689
Epoch: 58
step: 104300 loss: 0.19820659
step: 104400 loss: 0.24273427
step: 104500 loss: 0.24174245
step: 104600 loss: 0.055357616
step: 104700 loss: 0.092866264
step: 104800 loss: 0.16091664
step: 104900 loss: 0.06663513
step: 105000 loss: 0.16175587
step: 105100 loss: 1.3136317
step: 105200 loss: 0.02321879
step: 105300 loss: 0.051518757
step: 105400 loss: 0.023626963
step: 105500 loss: 0.10328674
step: 105600 loss: 0.33956018
step: 105700 loss: 0.073905945
step: 105800 loss: 0.06571325
step: 105900 loss: 0.023017883
step: 106000 loss: 0.104836784
Epoch: 59
step: 106100 loss: 0.06267929
step: 106200 loss: 0.10430273
step: 106300 loss: 0.03801346
step: 106400 loss: 0.028291067
step: 106500 loss: 0.064510345
step: 106600 loss: 0.1759618
step: 106700 loss: 0.2131284
step: 106800 loss: 0.042657215
step: 106900 loss: 0.13044357
step: 107000 loss: 0.019781748
step: 107100 loss: 0.1024971
step: 107200 loss: 0.03559494
step: 107300 loss: 0.2090416
step: 107400 loss: 0.18362427
step: 107500 loss: 0.03536415
step: 107600 loss: 0.044403076
step: 107700 loss: 0.026040396
step: 107800 loss: 0.09811274
step: 107900 loss: 0.21213913
Epoch: 60
step: 108000 loss: 0.06892649
step: 108100 loss: 0.118424736
step: 108200 loss: 0.07738241
step: 108300 loss: 0.05866623
step: 108400 loss: 0.03617986
step: 108500 loss: 0.034468334
step: 108600 loss: 0.109889984
step: 108700 loss: 0.024398804
step: 108800 loss: 0.03545634
step: 108900 loss: 0.06309509
step: 109000 loss: 0.10569254
step: 109100 loss: 0.21108119
step: 109200 loss: 2.3224819
step: 109300 loss: 0.064709984
step: 109400 loss: 0.10234705
step: 109500 loss: 0.35027695
step: 109600 loss: 0.03426361
step: 109700 loss: 0.51161957
Saving model...
Epoch: 61
step: 109800 loss: 0.022318522
step: 109900 loss: 0.17728806
step: 110000 loss: 0.107865654
step: 110100 loss: 0.06266657
step: 110200 loss: 0.2441508
step: 110300 loss: 0.019901276
step: 110400 loss: 0.060546875
step: 110500 loss: 0.23080444
step: 110600 loss: 0.009333293
step: 110700 loss: 0.11493937
step: 110800 loss: 0.09440613
step: 110900 loss: 0.14250438
step: 111000 loss: 0.011309306
step: 111100 loss: 0.0297966
step: 111200 loss: 0.05647278
step: 111300 loss: 0.027926126
step: 111400 loss: 0.050103504
step: 111500 loss: 1.0408376
Epoch: 62
step: 111600 loss: 1.9019724
step: 111700 loss: 1.7167116
step: 111800 loss: 0.22060649
step: 111900 loss: 1.6757559
step: 112000 loss: 0.01890564
step: 112100 loss: 0.08806483
step: 112200 loss: 0.1958402
step: 112300 loss: 0.12717438
step: 112400 loss: 0.119901024
step: 112500 loss: 0.14980952
step: 112600 loss: 0.07412847
step: 112700 loss: 0.038850147
step: 112800 loss: 0.2611135
step: 112900 loss: 0.034289043
step: 113000 loss: 0.051832836
step: 113100 loss: 0.18914668
step: 113200 loss: 0.3354365
step: 113300 loss: 0.4525706
Epoch: 63
step: 113400 loss: 0.06791624
step: 113500 loss: 0.037498474
step: 113600 loss: 0.037879944
step: 113700 loss: 0.05888748
step: 113800 loss: 0.17201233
step: 113900 loss: 0.05526479
step: 114000 loss: 0.043230694
step: 114100 loss: 0.07729212
step: 114200 loss: 1.0773836
step: 114300 loss: 0.026452383
step: 114400 loss: 0.039957684
step: 114500 loss: 0.03548177
step: 114600 loss: 0.07587687
step: 114700 loss: 0.051273346
step: 114800 loss: 0.13828914
step: 114900 loss: 0.036312103
step: 115000 loss: 0.6044858
step: 115100 loss: 0.12200419
step: 115200 loss: 0.72839993
Epoch: 64
step: 115300 loss: 0.025531769
step: 115400 loss: 0.049195606
step: 115500 loss: 0.12112808
step: 115600 loss: 0.1271019
step: 115700 loss: 0.062473297
step: 115800 loss: 0.03914261
step: 115900 loss: 0.14491399
step: 116000 loss: 0.08643214
step: 116100 loss: 0.18879955
step: 116200 loss: 0.076789856
step: 116300 loss: 0.11225382
step: 116400 loss: 0.041495007
step: 116500 loss: 0.159434
step: 116600 loss: 0.119644165
step: 116700 loss: 0.14669292
step: 116800 loss: 0.11223348
step: 116900 loss: 0.010316213
step: 117000 loss: 0.04314804
Epoch: 65
step: 117100 loss: 0.15586598
step: 117200 loss: 0.03681056
step: 117300 loss: 0.151371
step: 117400 loss: 0.8461736
step: 117500 loss: 0.023188272
step: 117600 loss: 0.074830376
step: 117700 loss: 0.19794337
step: 117800 loss: 0.038522083
step: 117900 loss: 0.12434896
step: 118000 loss: 0.056602478
step: 118100 loss: 0.17593129
step: 118200 loss: 0.07606506
step: 118300 loss: 0.027971903
step: 118400 loss: 0.22293472
step: 118500 loss: 0.038898468
step: 118600 loss: 1.0373421
step: 118700 loss: 0.19892247
step: 118800 loss: 0.023214975
Saving model...
Epoch: 66
step: 118900 loss: 0.05095164
step: 119000 loss: 0.03634389
step: 119100 loss: 0.021944681
step: 119200 loss: 0.14915593
step: 119300 loss: 2.350113
step: 119400 loss: 0.022919973
step: 119500 loss: 1.0786057
step: 119600 loss: 0.057477314
step: 119700 loss: 0.10951996
step: 119800 loss: 0.02070109
step: 119900 loss: 0.06280009
step: 120000 loss: 0.18504079
step: 120100 loss: 0.048788708
step: 120200 loss: 0.024529776
step: 120300 loss: 0.02887853
step: 120400 loss: 0.11330795
step: 120500 loss: 0.052963257
step: 120600 loss: 0.14680736
step: 120700 loss: 0.025099436
Epoch: 67
step: 120800 loss: 0.30566916
step: 120900 loss: 0.033700306
step: 121000 loss: 0.043793995
step: 121100 loss: 0.03043747
step: 121200 loss: 1.9865633
step: 121300 loss: 0.11617788
step: 121400 loss: 0.020870209
step: 121500 loss: 0.13670985
step: 121600 loss: 0.01491038
step: 121700 loss: 0.0700086
step: 121800 loss: 0.027224222
step: 121900 loss: 0.025657654
step: 122000 loss: 0.047356922
step: 122100 loss: 0.024024963
step: 122200 loss: 0.038159687
step: 122300 loss: 0.1158638
step: 122400 loss: 0.3602511
step: 122500 loss: 0.9986331
Epoch: 68
step: 122600 loss: 0.19143422
step: 122700 loss: 0.17417653
step: 122800 loss: 0.027464548
step: 122900 loss: 0.07067362
step: 123000 loss: 0.048418682
step: 123100 loss: 0.09009552
step: 123200 loss: 0.1894048
step: 123300 loss: 0.04591624
step: 123400 loss: 0.06372961
step: 123500 loss: 0.052705128
step: 123600 loss: 0.051620483
step: 123700 loss: 0.26107535
step: 123800 loss: 0.1135203
step: 123900 loss: 0.018577576
step: 124000 loss: 0.046076458
step: 124100 loss: 0.06668218
step: 124200 loss: 0.02043279
step: 124300 loss: 0.009755452
Epoch: 69
step: 124400 loss: 0.051633198
step: 124500 loss: 0.031979878
step: 124600 loss: 0.13412602
step: 124700 loss: 0.14953613
step: 124800 loss: 0.18340683
step: 124900 loss: 0.13512675
step: 125000 loss: 0.020890554
step: 125100 loss: 0.02660497
step: 125200 loss: 0.049282074
step: 125300 loss: 0.25919852
step: 125400 loss: 0.061546326
step: 125500 loss: 0.0374794
step: 125600 loss: 1.1163521
step: 125700 loss: 0.04799779
step: 125800 loss: 0.041145325
step: 125900 loss: 0.09395727
step: 126000 loss: 0.060908
step: 126100 loss: 0.018845877
step: 126200 loss: 0.045960743
Epoch: 70
step: 126300 loss: 0.1936404
step: 126400 loss: 0.10689545
step: 126500 loss: 0.1410141
step: 126600 loss: 0.092559814
step: 126700 loss: 0.036118824
step: 126800 loss: 0.13048935
step: 126900 loss: 0.15167873
step: 127000 loss: 0.033931732
step: 127100 loss: 0.020248413
step: 127200 loss: 0.021539053
step: 127300 loss: 0.03718567
step: 127400 loss: 0.026112875
step: 127500 loss: 0.050201416
step: 127600 loss: 0.13852692
step: 127700 loss: 0.17937724
step: 127800 loss: 0.08496857
step: 127900 loss: 0.049510956
step: 128000 loss: 0.16301982
Saving model...
Epoch: 71
step: 128100 loss: 0.09336599
step: 128200 loss: 0.10136668
step: 128300 loss: 0.023593903
step: 128400 loss: 0.034511566
step: 128500 loss: 0.030471802
step: 128600 loss: 0.09737778
step: 128700 loss: 0.5053813
step: 128800 loss: 0.12023163
step: 128900 loss: 0.020965576
step: 129000 loss: 0.026248932
step: 129100 loss: 0.039591473
step: 129200 loss: 0.048398335
step: 129300 loss: 0.12911732
step: 129400 loss: 0.021451315
step: 129500 loss: 0.033535004
step: 129600 loss: 0.03595352
step: 129700 loss: 0.20170467
step: 129800 loss: 0.05032603
Epoch: 72
step: 129900 loss: 0.034900665
step: 130000 loss: 0.09690603
step: 130100 loss: 0.032469433
step: 130200 loss: 0.1412328
step: 130300 loss: 0.07172521
step: 130400 loss: 0.03328069
step: 130500 loss: 0.17038853
step: 130600 loss: 0.20975749
step: 130700 loss: 0.040412903
step: 130800 loss: 0.011758168
step: 130900 loss: 0.27010345
step: 131000 loss: 0.024077097
step: 131100 loss: 0.074077606
step: 131200 loss: 0.109705605
step: 131300 loss: 0.2421519
step: 131400 loss: 0.07771555
step: 131500 loss: 0.02542623
step: 131600 loss: 0.04732895
Epoch: 73
step: 131700 loss: 0.13479869
step: 131800 loss: 0.06739044
step: 131900 loss: 0.024145762
step: 132000 loss: 0.069161735
step: 132100 loss: 0.028779348
step: 132200 loss: 0.022434235
step: 132300 loss: 0.13518779
step: 132400 loss: 0.15128581
step: 132500 loss: 0.059895832
step: 132600 loss: 0.046691895
step: 132700 loss: 0.122428894
step: 132800 loss: 0.05532074
step: 132900 loss: 0.1112264
step: 133000 loss: 0.17968877
step: 133100 loss: 0.15738297
step: 133200 loss: 0.118001305
step: 133300 loss: 0.045814514
step: 133400 loss: 0.047064465
step: 133500 loss: 0.16617076
Epoch: 74
step: 133600 loss: 0.059108734
step: 133700 loss: 0.028312683
step: 133800 loss: 0.15655136
step: 133900 loss: 0.09486643
step: 134000 loss: 0.45939
step: 134100 loss: 0.033317566
step: 134200 loss: 0.04107539
step: 134300 loss: 0.017275492
step: 134400 loss: 0.16615169
step: 134500 loss: 0.026622772
step: 134600 loss: 0.024637857
step: 134700 loss: 0.03378296
step: 134800 loss: 0.021502176
step: 134900 loss: 0.028935751
step: 135000 loss: 0.030328115
step: 135100 loss: 0.030598959
step: 135200 loss: 0.03452428
step: 135300 loss: 0.13543828
Epoch: 75
step: 135400 loss: 3.8201625
step: 135500 loss: 0.18821208
step: 135600 loss: 0.117273964
step: 135700 loss: 0.122348785
step: 135800 loss: 0.026728312
step: 135900 loss: 0.14679845
step: 136000 loss: 0.03452428
step: 136100 loss: 0.026317596
step: 136200 loss: 0.020420074
step: 136300 loss: 0.1500066
step: 136400 loss: 0.03393046
step: 136500 loss: 0.13972092
step: 136600 loss: 0.044200897
step: 136700 loss: 0.14321518
step: 136800 loss: 0.112267815
step: 136900 loss: 0.013216655
step: 137000 loss: 0.16063435
step: 137100 loss: 0.1055781
Saving model...
Epoch: 76
step: 137200 loss: 0.046221416
step: 137300 loss: 0.04514122
step: 137400 loss: 0.19484074
step: 137500 loss: 0.21339671
step: 137600 loss: 0.024562836
step: 137700 loss: 0.02550888
step: 137800 loss: 0.10384623
step: 137900 loss: 0.08937073
step: 138000 loss: 0.021086374
step: 138100 loss: 0.05526225
step: 138200 loss: 0.133461
step: 138300 loss: 0.033131916
step: 138400 loss: 0.22129695
step: 138500 loss: 0.09446335
step: 138600 loss: 0.23937607
step: 138700 loss: 0.038335163
step: 138800 loss: 0.026348114
